<?xml version="1.0" encoding="UTF-8" ?>
<testsuite tests="16" failures="0" name="com.cucumber.CucumberTest" time="0.016" errors="0" skipped="0">
  <properties>
    <property name="java.runtime.name" value="Java(TM) SE Runtime Environment"/>
    <property name="sun.boot.library.path" value="C:\Program Files\Java\jdk1.8.0_31\jre\bin"/>
    <property name="java.vm.version" value="25.31-b07"/>
    <property name="java.vm.vendor" value="Oracle Corporation"/>
    <property name="maven.multiModuleProjectDirectory" value="D:\workspaces\cucumber-rest-test"/>
    <property name="java.vendor.url" value="http://java.oracle.com/"/>
    <property name="path.separator" value=";"/>
    <property name="guice.disable.misplaced.annotation.check" value="true"/>
    <property name="java.vm.name" value="Java HotSpot(TM) 64-Bit Server VM"/>
    <property name="file.encoding.pkg" value="sun.io"/>
    <property name="user.script" value=""/>
    <property name="user.country" value="GB"/>
    <property name="sun.java.launcher" value="SUN_STANDARD"/>
    <property name="sun.os.patch.level" value="Service Pack 1"/>
    <property name="java.vm.specification.name" value="Java Virtual Machine Specification"/>
    <property name="user.dir" value="D:\workspaces\cucumber-rest-test"/>
    <property name="java.runtime.version" value="1.8.0_31-b13"/>
    <property name="java.awt.graphicsenv" value="sun.awt.Win32GraphicsEnvironment"/>
    <property name="java.endorsed.dirs" value="C:\Program Files\Java\jdk1.8.0_31\jre\lib\endorsed"/>
    <property name="os.arch" value="amd64"/>
    <property name="java.io.tmpdir" value="C:\Users\sakumar\AppData\Local\Temp\"/>
    <property name="line.separator" value="
"/>
    <property name="java.vm.specification.vendor" value="Oracle Corporation"/>
    <property name="user.variant" value=""/>
    <property name="os.name" value="Windows 7"/>
    <property name="classworlds.conf" value="C:\apache-maven-3.3.9\bin\..\bin\m2.conf"/>
    <property name="sun.jnu.encoding" value="Cp1252"/>
    <property name="java.library.path" value="C:\Program Files\Java\jdk1.8.0_31\bin;C:\Windows\Sun\Java\bin;C:\Windows\system32;C:\Windows;C:\Program Files\ImageMagick-7.0.3-Q16;C:\app\sakumar\product\11.2.0\client_1;C:\Oracle;C:\ProgramData\Oracle\Java\javapath;C:\Windows\system32;C:\Windows;C:\Windows\System32\Wbem;C:\Windows\System32\WindowsPowerShell\v1.0\;C:\Program Files (x86)\Enterprise Vault\EVClient\;C:\Program Files\Common Files\Hitachi ID\;C:\Program Files\TortoiseSVN\bin;C:\Program Files (x86)\PuTTY\;C:\apache-maven-3.3.9\bin;C:\Program Files\TortoiseSVN\bin;C:\Program Files\SlikSvn\bin;C:\Program Files\Amazon\AWSCLI\;C:\mongodb\bin\;C:\apache-ant-1.7.0\bin;C:\Users\sakumar\AppData\Local\Programs\Python\Python35-32;C:\Users\sakumar\AppData\Local\Programs\Python\Python35-32\Scripts;C:\bin;C:\scala\bin;C:\bigdata\spark-2.0.0-bin-hadoop2.7\bin;C:\Program Files (x86)\sbt\\bin;C:\opscode\chefdk\bin\;C:\Program Files\nodejs\;C:\sqlite;C:\Program Files\TortoiseGit\bin;C:\Program Files (x86)\Git\cmd;C:\Program Files\Dart\dart-sdk\bin;C:\Go\bin;C:\Users\sakumar\AppData\Local\.meteor\;C:\Users\sakumar\AppData\Roaming\npm;c:\Go\bin;C:\Program Files (x86)\Microsoft VS Code\bin;."/>
    <property name="java.specification.name" value="Java Platform API Specification"/>
    <property name="java.class.version" value="52.0"/>
    <property name="sun.management.compiler" value="HotSpot 64-Bit Tiered Compilers"/>
    <property name="os.version" value="6.1"/>
    <property name="user.home" value="C:\Users\sakumar"/>
    <property name="user.timezone" value="Europe/London"/>
    <property name="java.awt.printerjob" value="sun.awt.windows.WPrinterJob"/>
    <property name="java.specification.version" value="1.8"/>
    <property name="file.encoding" value="Cp1252"/>
    <property name="user.name" value="sakumar"/>
    <property name="java.class.path" value="C:\apache-maven-3.3.9\bin\..\boot\plexus-classworlds-2.5.2.jar"/>
    <property name="java.vm.specification.version" value="1.8"/>
    <property name="sun.arch.data.model" value="64"/>
    <property name="java.home" value="C:\Program Files\Java\jdk1.8.0_31\jre"/>
    <property name="sun.java.command" value="org.codehaus.plexus.classworlds.launcher.Launcher test"/>
    <property name="java.specification.vendor" value="Oracle Corporation"/>
    <property name="user.language" value="en"/>
    <property name="awt.toolkit" value="sun.awt.windows.WToolkit"/>
    <property name="java.vm.info" value="mixed mode"/>
    <property name="java.version" value="1.8.0_31"/>
    <property name="java.ext.dirs" value="C:\Program Files\Java\jdk1.8.0_31\jre\lib\ext;C:\Windows\Sun\Java\lib\ext"/>
    <property name="sun.boot.class.path" value="C:\Program Files\Java\jdk1.8.0_31\jre\lib\resources.jar;C:\Program Files\Java\jdk1.8.0_31\jre\lib\rt.jar;C:\Program Files\Java\jdk1.8.0_31\jre\lib\sunrsasign.jar;C:\Program Files\Java\jdk1.8.0_31\jre\lib\jsse.jar;C:\Program Files\Java\jdk1.8.0_31\jre\lib\jce.jar;C:\Program Files\Java\jdk1.8.0_31\jre\lib\charsets.jar;C:\Program Files\Java\jdk1.8.0_31\jre\lib\jfr.jar;C:\Program Files\Java\jdk1.8.0_31\jre\classes"/>
    <property name="sun.stderr.encoding" value="cp850"/>
    <property name="java.vendor" value="Oracle Corporation"/>
    <property name="maven.home" value="C:\apache-maven-3.3.9\bin\.."/>
    <property name="file.separator" value="\"/>
    <property name="java.vendor.url.bug" value="http://bugreport.sun.com/bugreport/"/>
    <property name="sun.cpu.endian" value="little"/>
    <property name="sun.io.unicode.encoding" value="UnicodeLittle"/>
    <property name="sun.stdout.encoding" value="cp850"/>
    <property name="sun.desktop" value="windows"/>
    <property name="sun.cpu.isalist" value="amd64"/>
  </properties>
  <testcase classname="Scenario: Positive scenario with correct username and password" name="Given The correct username and password" time="0.016"/>
  <testcase classname="Scenario: Positive scenario with correct username and password" name="When username as &quot;xyz.abc&quot; and password as &quot;pqrs1234&quot;" time="0"/>
  <testcase classname="Scenario: Positive scenario with correct username and password" name="Then the response  is &quot;Correct Username and Password&quot;" time="0"/>
  <testcase classname="Scenario: Positive scenario with correct username and password" name="Scenario: Positive scenario with correct username and password" time="0"/>
  <testcase classname="Scenario: Invalid password" name="Given The correct username and invalid password" time="0"/>
  <testcase classname="Scenario: Invalid password" name="When username as &quot;xyz.abc&quot; and invalid password as &quot;nv12&quot;" time="0"/>
  <testcase classname="Scenario: Invalid password" name="Then the response  is &quot;Correct&quot; Username and &quot;Incorrect&quot; Password" time="0"/>
  <testcase classname="Scenario: Invalid password" name="Scenario: Invalid password" time="0"/>
  <testcase classname="Scenario: Invalid username" name="Given The incorrect username and valid password" time="0"/>
  <testcase classname="Scenario: Invalid username" name="When invalid username as &quot;abc&quot; and valid password as &quot;pqrs1234&quot;" time="0"/>
  <testcase classname="Scenario: Invalid username" name="Then the response is username is invalid &quot;Invalid username&quot;" time="0"/>
  <testcase classname="Scenario: Invalid username" name="Scenario: Invalid username" time="0"/>
  <testcase classname="Scenario: Invalid username and password" name="Given The incorrect username and invalid password" time="0"/>
  <testcase classname="Scenario: Invalid username and password" name="When invalid username as &quot;abc&quot; and invalid password as &quot;nv12&quot;" time="0"/>
  <testcase classname="Scenario: Invalid username and password" name="Then the response is both username and password is invalid &quot;Invalid username and password&quot;" time="0"/>
  <testcase classname="Scenario: Invalid username and password" name="Scenario: Invalid username and password" time="0"/>
</testsuite>